Log file open, 10/05/17 13:01:59
LogInit:Display: Running engine for game: ThirdPerson_Basic
LogPlatformFile: Not using cached read wrapper
LogInit:Display: RandInit(1419910981) SRandInit(1419910981).
LogTaskGraph: Started task graph with 5 named threads and 8 total threads with 1 sets of task threads.
LogStats: Stats thread started at 0.083957
LogPluginManager: Loaded Plugin Paper2D, From C:/Program Files (x86)/Epic Games/4.14/Engine/Plugins/2D/Paper2D/Paper2D.uplugin
LogPluginManager: Loaded Plugin LightPropagationVolume, From C:/Program Files (x86)/Epic Games/4.14/Engine/Plugins/Blendables/LightPropagationVolume/LightPropagationVolume.uplugin
LogPluginManager: Loaded Plugin BlankPlugin, From C:/Program Files (x86)/Epic Games/4.14/Engine/Plugins/Developer/BlankPlugin/BlankPlugin.uplugin
LogPluginManager: Loaded Plugin CodeLiteSourceCodeAccess, From C:/Program Files (x86)/Epic Games/4.14/Engine/Plugins/Developer/CodeLiteSourceCodeAccess/CodeLiteSourceCodeAccess.uplugin
LogPluginManager: Loaded Plugin GitSourceControl, From C:/Program Files (x86)/Epic Games/4.14/Engine/Plugins/Developer/GitSourceControl/GitSourceControl.uplugin
LogPluginManager: Loaded Plugin KDevelopSourceCodeAccess, From C:/Program Files (x86)/Epic Games/4.14/Engine/Plugins/Developer/KDevelopSourceCodeAccess/KDevelopSourceCodeAccess.uplugin
LogPluginManager: Loaded Plugin NullSourceCodeAccess, From C:/Program Files (x86)/Epic Games/4.14/Engine/Plugins/Developer/NullSourceCodeAccess/NullSourceCodeAccess.uplugin
LogPluginManager: Loaded Plugin OneSkyLocalizationService, From C:/Program Files (x86)/Epic Games/4.14/Engine/Plugins/Developer/OneSkyLocalizationService/OneSkyLocalizationService.uplugin
LogPluginManager: Loaded Plugin PerforceSourceControl, From C:/Program Files (x86)/Epic Games/4.14/Engine/Plugins/Developer/PerforceSourceControl/PerforceSourceControl.uplugin
LogPluginManager: Loaded Plugin SubversionSourceControl, From C:/Program Files (x86)/Epic Games/4.14/Engine/Plugins/Developer/SubversionSourceControl/SubversionSourceControl.uplugin
LogPluginManager: Loaded Plugin UObjectPlugin, From C:/Program Files (x86)/Epic Games/4.14/Engine/Plugins/Developer/UObjectPlugin/UObjectPlugin.uplugin
LogPluginManager: Loaded Plugin VisualStudioSourceCodeAccess, From C:/Program Files (x86)/Epic Games/4.14/Engine/Plugins/Developer/VisualStudioSourceCodeAccess/VisualStudioSourceCodeAccess.uplugin
LogPluginManager: Loaded Plugin XCodeSourceCodeAccess, From C:/Program Files (x86)/Epic Games/4.14/Engine/Plugins/Developer/XCodeSourceCodeAccess/XCodeSourceCodeAccess.uplugin
LogPluginManager: Loaded Plugin AudioCapture, From C:/Program Files (x86)/Epic Games/4.14/Engine/Plugins/Editor/AudioCapture/AudioCapture.uplugin
LogPluginManager: Loaded Plugin EpicSurvey, From C:/Program Files (x86)/Epic Games/4.14/Engine/Plugins/Editor/EpicSurvey/EpicSurvey.uplugin
LogPluginManager: Loaded Plugin MacGraphicsSwitching, From C:/Program Files (x86)/Epic Games/4.14/Engine/Plugins/Editor/MacGraphicsSwitching/MacGraphicsSwitching.uplugin
LogPluginManager: Loaded Plugin MobileLauncherProfileWizard, From C:/Program Files (x86)/Epic Games/4.14/Engine/Plugins/Editor/MobileLauncherProfileWizard/MobileLauncherProfileWizard.uplugin
LogPluginManager: Loaded Plugin PluginBrowser, From C:/Program Files (x86)/Epic Games/4.14/Engine/Plugins/Editor/PluginBrowser/PluginBrowser.uplugin
LogPluginManager: Loaded Plugin SpeedTreeImporter, From C:/Program Files (x86)/Epic Games/4.14/Engine/Plugins/Editor/SpeedTreeImporter/SpeedTreeImporter.uplugin
LogPluginManager: Loaded Plugin SuperSearchEditor, From C:/Program Files (x86)/Epic Games/4.14/Engine/Plugins/Editor/SuperSearchEditor/SuperSearchEditor.uplugin
LogPluginManager: Loaded Plugin AlembicImporter, From C:/Program Files (x86)/Epic Games/4.14/Engine/Plugins/Experimental/AlembicImporter/AlembicImporter.uplugin
LogPluginManager: Loaded Plugin BlueprintStats, From C:/Program Files (x86)/Epic Games/4.14/Engine/Plugins/Experimental/BlueprintStats/BlueprintStats.uplugin
LogPluginManager: Loaded Plugin CharacterAI, From C:/Program Files (x86)/Epic Games/4.14/Engine/Plugins/Experimental/CharacterAI/CharacterAI.uplugin
LogPluginManager: Loaded Plugin CodeEditor, From C:/Program Files (x86)/Epic Games/4.14/Engine/Plugins/Experimental/CodeEditor/CodeEditor.uplugin
LogPluginManager: Loaded Plugin CodeView, From C:/Program Files (x86)/Epic Games/4.14/Engine/Plugins/Experimental/CodeView/CodeView.uplugin
LogPluginManager: Loaded Plugin HTML5Networking, From C:/Program Files (x86)/Epic Games/4.14/Engine/Plugins/Experimental/HTML5Networking/HTML5Networking.uplugin
LogPluginManager: Loaded Plugin OSVR, From C:/Program Files (x86)/Epic Games/4.14/Engine/Plugins/Experimental/OSVR/OSVR.uplugin
LogPluginManager: Loaded Plugin Phya, From C:/Program Files (x86)/Epic Games/4.14/Engine/Plugins/Experimental/Phya/Phya.uplugin
LogPluginManager: Loaded Plugin SignificanceManager, From C:/Program Files (x86)/Epic Games/4.14/Engine/Plugins/Experimental/SignificanceManager/SignificanceManager.uplugin
LogPluginManager: Loaded Plugin SimpleHMD, From C:/Program Files (x86)/Epic Games/4.14/Engine/Plugins/Experimental/SimpleHMD/SimpleHMD.uplugin
LogPluginManager: Loaded Plugin StereoPanorama, From C:/Program Files (x86)/Epic Games/4.14/Engine/Plugins/Experimental/StereoPanorama/StereoPanorama.uplugin
LogPluginManager: Loaded Plugin StructBox, From C:/Program Files (x86)/Epic Games/4.14/Engine/Plugins/Experimental/StructBox/StructBox.uplugin
LogPluginManager: Loaded Plugin AndroidMedia, From C:/Program Files (x86)/Epic Games/4.14/Engine/Plugins/Media/AndroidMedia/AndroidMedia.uplugin
LogPluginManager: Loaded Plugin AvfMedia, From C:/Program Files (x86)/Epic Games/4.14/Engine/Plugins/Media/AvfMedia/AvfMedia.uplugin
LogPluginManager: Loaded Plugin MediaPlayerEditor, From C:/Program Files (x86)/Epic Games/4.14/Engine/Plugins/Media/MediaPlayerEditor/MediaPlayerEditor.uplugin
LogPluginManager: Loaded Plugin WmfMedia, From C:/Program Files (x86)/Epic Games/4.14/Engine/Plugins/Media/WmfMedia/WmfMedia.uplugin
LogPluginManager: Loaded Plugin MessagingDebugger, From C:/Program Files (x86)/Epic Games/4.14/Engine/Plugins/Messaging/MessagingDebugger/MessagingDebugger.uplugin
LogPluginManager: Loaded Plugin TcpMessaging, From C:/Program Files (x86)/Epic Games/4.14/Engine/Plugins/Messaging/TcpMessaging/TcpMessaging.uplugin
LogPluginManager: Loaded Plugin UdpMessaging, From C:/Program Files (x86)/Epic Games/4.14/Engine/Plugins/Messaging/UdpMessaging/UdpMessaging.uplugin
LogPluginManager: Loaded Plugin LevelSequenceEditor, From C:/Program Files (x86)/Epic Games/4.14/Engine/Plugins/MovieScene/LevelSequenceEditor/LevelSequenceEditor.uplugin
LogPluginManager: Loaded Plugin MatineeToLevelSequence, From C:/Program Files (x86)/Epic Games/4.14/Engine/Plugins/MovieScene/MatineeToLevelSequence/MatineeToLevelSequence.uplugin
LogPluginManager: Loaded Plugin NetcodeUnitTest, From C:/Program Files (x86)/Epic Games/4.14/Engine/Plugins/NetcodeUnitTest/NetcodeUnitTest/NetcodeUnitTest.uplugin
LogPluginManager: Loaded Plugin NUTUnrealEngine4, From C:/Program Files (x86)/Epic Games/4.14/Engine/Plugins/NetcodeUnitTest/NUTUnrealEngine4/NUTUnrealEngine4.uplugin
LogPluginManager: Loaded Plugin OnlineSubsystemGameCircle, From C:/Program Files (x86)/Epic Games/4.14/Engine/Plugins/Online/Android/OnlineSubsystemGameCircle/OnlineSubsystemGameCircle.uplugin
LogPluginManager: Loaded Plugin OnlineSubsystemGooglePlay, From C:/Program Files (x86)/Epic Games/4.14/Engine/Plugins/Online/Android/OnlineSubsystemGooglePlay/OnlineSubsystemGooglePlay.uplugin
LogPluginManager: Loaded Plugin OnlineSubsystemIOS, From C:/Program Files (x86)/Epic Games/4.14/Engine/Plugins/Online/IOS/OnlineSubsystemIOS/OnlineSubsystemIOS.uplugin
LogPluginManager: Loaded Plugin OnlineFramework, From C:/Program Files (x86)/Epic Games/4.14/Engine/Plugins/Online/OnlineFramework/OnlineFramework.uplugin
LogPluginManager: Loaded Plugin OnlineSubsystem, From C:/Program Files (x86)/Epic Games/4.14/Engine/Plugins/Online/OnlineSubsystem/OnlineSubsystem.uplugin
LogPluginManager: Loaded Plugin OnlineSubsystemAmazon, From C:/Program Files (x86)/Epic Games/4.14/Engine/Plugins/Online/OnlineSubsystemAmazon/OnlineSubsystemAmazon.uplugin
LogPluginManager: Loaded Plugin OnlineSubsystemFacebook, From C:/Program Files (x86)/Epic Games/4.14/Engine/Plugins/Online/OnlineSubsystemFacebook/OnlineSubsystemFacebook.uplugin
LogPluginManager: Loaded Plugin OnlineSubsystemNull, From C:/Program Files (x86)/Epic Games/4.14/Engine/Plugins/Online/OnlineSubsystemNull/OnlineSubsystemNull.uplugin
LogPluginManager: Loaded Plugin OnlineSubsystemOculus, From C:/Program Files (x86)/Epic Games/4.14/Engine/Plugins/Online/OnlineSubsystemOculus/OnlineSubsystemOculus.uplugin
LogPluginManager: Loaded Plugin OnlineSubsystemSteam, From C:/Program Files (x86)/Epic Games/4.14/Engine/Plugins/Online/OnlineSubsystemSteam/OnlineSubsystemSteam.uplugin
LogPluginManager: Loaded Plugin OnlineSubsystemUtils, From C:/Program Files (x86)/Epic Games/4.14/Engine/Plugins/Online/OnlineSubsystemUtils/OnlineSubsystemUtils.uplugin
LogPluginManager: Loaded Plugin IOSTapJoy, From C:/Program Files (x86)/Epic Games/4.14/Engine/Plugins/Runtime/Advertising/IOSTapJoy/IOSTapJoy.uplugin
LogPluginManager: Loaded Plugin AnalyticsBlueprintLibrary, From C:/Program Files (x86)/Epic Games/4.14/Engine/Plugins/Runtime/Analytics/AnalyticsBlueprintLibrary/AnalyticsBlueprintLibrary.uplugin
LogPluginManager: Loaded Plugin AnalyticsMulticast, From C:/Program Files (x86)/Epic Games/4.14/Engine/Plugins/Runtime/Analytics/AnalyticsMulticast/AnalyticsMulticast.uplugin
LogPluginManager: Loaded Plugin Apsalar, From C:/Program Files (x86)/Epic Games/4.14/Engine/Plugins/Runtime/Analytics/Apsalar/Apsalar.uplugin
LogPluginManager: Loaded Plugin FileLogging, From C:/Program Files (x86)/Epic Games/4.14/Engine/Plugins/Runtime/Analytics/FileLogging/FileLogging.uplugin
LogPluginManager: Loaded Plugin Flurry, From C:/Program Files (x86)/Epic Games/4.14/Engine/Plugins/Runtime/Analytics/Flurry/Flurry.uplugin
LogPluginManager: Loaded Plugin AndroidDeviceProfileSelector, From C:/Program Files (x86)/Epic Games/4.14/Engine/Plugins/Runtime/AndroidDeviceProfileSelector/AndroidDeviceProfileSelector.uplugin
LogPluginManager: Loaded Plugin AndroidMoviePlayer, From C:/Program Files (x86)/Epic Games/4.14/Engine/Plugins/Runtime/AndroidMoviePlayer/AndroidMoviePlayer.uplugin
LogPluginManager: Loaded Plugin AppleMoviePlayer, From C:/Program Files (x86)/Epic Games/4.14/Engine/Plugins/Runtime/AppleMoviePlayer/AppleMoviePlayer.uplugin
LogPluginManager: Loaded Plugin ArchVisCharacter, From C:/Program Files (x86)/Epic Games/4.14/Engine/Plugins/Runtime/ArchVisCharacter/ArchVisCharacter.uplugin
LogPluginManager: Loaded Plugin CableComponent, From C:/Program Files (x86)/Epic Games/4.14/Engine/Plugins/Runtime/CableComponent/CableComponent.uplugin
LogPluginManager: Loaded Plugin CustomMeshComponent, From C:/Program Files (x86)/Epic Games/4.14/Engine/Plugins/Runtime/CustomMeshComponent/CustomMeshComponent.uplugin
LogPluginManager: Loaded Plugin ExampleDeviceProfileSelector, From C:/Program Files (x86)/Epic Games/4.14/Engine/Plugins/Runtime/ExampleDeviceProfileSelector/ExampleDeviceProfileSelector.uplugin
LogPluginManager: Loaded Plugin GearVR, From C:/Program Files (x86)/Epic Games/4.14/Engine/Plugins/Runtime/GearVR/GearVR.uplugin
LogPluginManager: Loaded Plugin GoogleVRController, From C:/Program Files (x86)/Epic Games/4.14/Engine/Plugins/Runtime/GoogleVR/GoogleVRController/GoogleVRController.uplugin
LogPluginManager: Loaded Plugin GoogleVRHMD, From C:/Program Files (x86)/Epic Games/4.14/Engine/Plugins/Runtime/GoogleVR/GoogleVRHMD/GoogleVRHMD.uplugin
LogPluginManager: Loaded Plugin IOSDeviceProfileSelector, From C:/Program Files (x86)/Epic Games/4.14/Engine/Plugins/Runtime/IOSDeviceProfileSelector/IOSDeviceProfileSelector.uplugin
LogPluginManager: Loaded Plugin LeapMotion, From C:/Program Files (x86)/Epic Games/4.14/Engine/Plugins/Runtime/LeapMotion/LeapMotion.uplugin
LogPluginManager: Loaded Plugin LinuxDeviceProfileSelector, From C:/Program Files (x86)/Epic Games/4.14/Engine/Plugins/Runtime/LinuxDeviceProfileSelector/LinuxDeviceProfileSelector.uplugin
LogPluginManager: Loaded Plugin MIDIDevice, From C:/Program Files (x86)/Epic Games/4.14/Engine/Plugins/Runtime/MIDIDevice/MIDIDevice.uplugin
LogPluginManager: Loaded Plugin MobilePatchingUtils, From C:/Program Files (x86)/Epic Games/4.14/Engine/Plugins/Runtime/MobilePatchingUtils/MobilePatchingUtils.uplugin
LogPluginManager: Loaded Plugin Ansel, From C:/Program Files (x86)/Epic Games/4.14/Engine/Plugins/Runtime/Nvidia/Ansel/Ansel.uplugin
LogPluginManager: Loaded Plugin OculusAudio, From C:/Program Files (x86)/Epic Games/4.14/Engine/Plugins/Runtime/OculusAudio/OculusAudio.uplugin
LogPluginManager: Loaded Plugin OculusInput, From C:/Program Files (x86)/Epic Games/4.14/Engine/Plugins/Runtime/OculusInput/OculusInput.uplugin
LogPluginManager: Loaded Plugin OculusLibrary, From C:/Program Files (x86)/Epic Games/4.14/Engine/Plugins/Runtime/OculusLibrary/OculusLibrary.uplugin
LogPluginManager: Loaded Plugin OculusRift, From C:/Program Files (x86)/Epic Games/4.14/Engine/Plugins/Runtime/OculusRift/OculusRift.uplugin
LogPluginManager: Loaded Plugin Oodle, From C:/Program Files (x86)/Epic Games/4.14/Engine/Plugins/Runtime/PacketHandlers/CompressionComponents/Oodle/Oodle.uplugin
LogPluginManager: Loaded Plugin ProceduralMeshComponent, From C:/Program Files (x86)/Epic Games/4.14/Engine/Plugins/Runtime/ProceduralMeshComponent/ProceduralMeshComponent.uplugin
LogPluginManager: Loaded Plugin SoundMod, From C:/Program Files (x86)/Epic Games/4.14/Engine/Plugins/Runtime/SoundMod/SoundMod.uplugin
LogPluginManager: Loaded Plugin SoundVisualizations, From C:/Program Files (x86)/Epic Games/4.14/Engine/Plugins/Runtime/SoundVisualizations/SoundVisualizations.uplugin
LogPluginManager: Loaded Plugin SteamController, From C:/Program Files (x86)/Epic Games/4.14/Engine/Plugins/Runtime/Steam/SteamController/SteamController.uplugin
LogPluginManager: Loaded Plugin SteamVR, From C:/Program Files (x86)/Epic Games/4.14/Engine/Plugins/Runtime/Steam/SteamVR/SteamVR.uplugin
LogPluginManager: Loaded Plugin WebBrowserWidget, From C:/Program Files (x86)/Epic Games/4.14/Engine/Plugins/Runtime/WebBrowserWidget/WebBrowserWidget.uplugin
LogPluginManager: Loaded Plugin WindowsDeviceProfileSelector, From C:/Program Files (x86)/Epic Games/4.14/Engine/Plugins/Runtime/WindowsDeviceProfileSelector/WindowsDeviceProfileSelector.uplugin
LogPluginManager: Loaded Plugin WindowsMoviePlayer, From C:/Program Files (x86)/Epic Games/4.14/Engine/Plugins/Runtime/WindowsMoviePlayer/WindowsMoviePlayer.uplugin
LogPluginManager: Loaded Plugin ScriptPlugin, From C:/Program Files (x86)/Epic Games/4.14/Engine/Plugins/ScriptPlugin/ScriptPlugin.uplugin
LogPluginManager: Loaded Plugin SlateRemote, From C:/Program Files (x86)/Epic Games/4.14/Engine/Plugins/Slate/SlateRemote/SlateRemote.uplugin
LogPluginManager: Loaded Plugin EditorTests, From C:/Program Files (x86)/Epic Games/4.14/Engine/Plugins/Tests/EditorTests/EditorTests.uplugin
LogPluginManager: Loaded Plugin FbxAutomationTestBuilder, From C:/Program Files (x86)/Epic Games/4.14/Engine/Plugins/Tests/FbxAutomationTestBuilder/FbxAutomationTestBuilder.uplugin
LogPluginManager: Loaded Plugin FunctionalTestingEditor, From C:/Program Files (x86)/Epic Games/4.14/Engine/Plugins/Tests/FunctionalTestingEditor/FunctionalTestingEditor.uplugin
LogPluginManager: Loaded Plugin RuntimeTests, From C:/Program Files (x86)/Epic Games/4.14/Engine/Plugins/Tests/RuntimeTests/RuntimeTests.uplugin
LogPluginManager: Loaded Plugin ScreenshotTools, From C:/Program Files (x86)/Epic Games/4.14/Engine/Plugins/Tests/ScreenshotTools/ScreenshotTools.uplugin
LogInit: Using libcurl 7.47.1
LogInit:  - built for x86_64-pc-win32
LogInit:  - supports SSL with OpenSSL/1.0.2g
LogInit:  - supports HTTP deflate (compression) using libz 1.2.8
LogInit:  - other features:
LogInit:      CURL_VERSION_SSL
LogInit:      CURL_VERSION_LIBZ
LogInit:      CURL_VERSION_IPV6
LogInit:      CURL_VERSION_ASYNCHDNS
LogInit:      CURL_VERSION_LARGEFILE
LogInit:      CURL_VERSION_IDN
LogInit:  CurlRequestOptions (configurable via config and command line):
LogInit:  - bVerifyPeer = false  - Libcurl will NOT verify peer certificate
LogInit:  - bUseHttpProxy = false  - Libcurl will NOT use HTTP proxy
LogInit:  - bDontReuseConnections = false  - Libcurl will reuse connections
LogInit:  - CertBundlePath = nullptr  - Libcurl will use whatever was configured at build time.
LogInit: Build: ++UE4+Release-4.14-CL-3195953
LogInit: Engine Version: 4.14.0-3195953+++UE4+Release-4.14
LogInit: Compatible Engine Version: 4.14.0-3195953+++UE4+Release-4.14
LogInit: Net CL: 3195953
LogDevObjectVersion: Number of dev versions registered: 13
LogDevObjectVersion:   Dev-Blueprints (B0D832E4-1F89-4F0D-ACCF-7EB736FD4AA2): 7
LogDevObjectVersion:   Dev-Build (E1C64328-A22C-4D53-A36C-8E866417BD8C): 0
LogDevObjectVersion:   Dev-Core (375EC13C-06E4-48FB-B500-84F0262A717E): 1
LogDevObjectVersion:   Dev-Editor (E4B068ED-F494-42E9-A231-DA0B2E46BB41): 8
LogDevObjectVersion:   Dev-Framework (CFFC743F-43B0-4480-9391-14DF171D2073): 17
LogDevObjectVersion:   Dev-Mobile (B02B49B5-BB20-44E9-A304-32B752E40360): 0
LogDevObjectVersion:   Dev-Networking (A4E4105C-59A1-49B5-A7C5-40C4547EDFEE): 0
LogDevObjectVersion:   Dev-Online (39C831C9-5AE6-47DC-9A44-9C173E1C8E7C): 0
LogDevObjectVersion:   Dev-Physics (78F01B33-EBEA-4F98-B9B4-84EACCB95AA2): 0
LogDevObjectVersion:   Dev-Platform (6631380F-2D4D-43E0-8009-CF276956A95A): 0
LogDevObjectVersion:   Dev-Rendering (12F88B9F-8875-4AFC-A67C-D90C383ABD29): 12
LogDevObjectVersion:   Dev-Sequencer (7B5AE74C-D270-4C10-A958-57980B212A5A): 1
LogDevObjectVersion:   Dev-VR (D7296918-1DD6-4BDD-9DE2-64A83CC13884): 0
LogInit: Compiled (64-bit): Nov 12 2016 02:14:10
LogInit: Compiled with Visual C++: 19.00.23026.00
LogInit: Build Configuration: Development
LogInit: Branch Name: ++UE4+Release-4.14
LogInit: Command line:  
LogInit: Base directory: C:/Program Files (x86)/Epic Games/4.14/Engine/Binaries/Win64/
LogInit: Installed Engine Build: 1
LogInit: Presizing for max 8388607 objects, including 0 objects not considered by GC, pre-allocating 0 bytes for permanent pool.
LogInit: Object subsystem initialized
[2017.10.05-16.02.00:391][  0]LogInit: Selected Device Profile: [Windows]
[2017.10.05-16.02.00:391][  0]LogInit: Applying CVar settings loaded from the selected device profile: [Windows]
[2017.10.05-16.02.00:401][  0]LogInit: Computer: L1710MICRO24
[2017.10.05-16.02.00:401][  0]LogInit: User: logonrm
[2017.10.05-16.02.00:401][  0]LogInit: CPU Page size=65536, Cores=4
[2017.10.05-16.02.00:401][  0]LogInit: High frequency timer resolution =3.215225 MHz
[2017.10.05-16.02.00:401][  0]LogMemory: Memory total: Physical=7.9GB (8GB approx)
[2017.10.05-16.02.00:401][  0]LogMemory: Platform Memory Stats for Windows
[2017.10.05-16.02.00:401][  0]LogMemory: Process Physical Memory: 262.50 MB used, 262.50 MB peak
[2017.10.05-16.02.00:401][  0]LogMemory: Process Virtual Memory: 262.41 MB used, 262.41 MB peak
[2017.10.05-16.02.00:401][  0]LogMemory: Physical Memory: 3286.02 MB used,  4824.57 MB free, 8110.59 MB total
[2017.10.05-16.02.00:401][  0]LogMemory: Virtual Memory: 658.77 MB used,  4824.57 MB free, 134217728.00 MB total
[2017.10.05-16.02.00:943][  0]LogD3D11RHI: D3D11 adapters:
[2017.10.05-16.02.00:951][  0]LogD3D11RHI:    0. 'Intel(R) HD Graphics 4600' (Feature Level 11_0)
[2017.10.05-16.02.00:951][  0]LogD3D11RHI:       128/0/1792 MB DedicatedVideo/DedicatedSystem/SharedSystem, Outputs:1, VendorId:0x8086
[2017.10.05-16.02.00:953][  0]LogD3D11RHI:    1. 'Microsoft Basic Render Driver' (Feature Level 11_0)
[2017.10.05-16.02.00:953][  0]LogD3D11RHI:       0/0/256 MB DedicatedVideo/DedicatedSystem/SharedSystem, Outputs:0, VendorId:0x1414
[2017.10.05-16.02.00:953][  0]LogD3D11RHI: Chosen D3D11 Adapter: 0
[2017.10.05-16.02.00:956][  0]LogD3D11RHI: Creating new Direct3DDevice
[2017.10.05-16.02.00:956][  0]LogD3D11RHI:     GPU DeviceId: 0x412 (for the marketing name, search the web for "GPU Device Id")
[2017.10.05-16.02.00:956][  0]LogWindows: EnumDisplayDevices:
[2017.10.05-16.02.00:956][  0]LogWindows:    0. 'Intel(R) HD Graphics 4600' (P:1 D:1)
[2017.10.05-16.02.00:956][  0]LogWindows:    1. 'Intel(R) HD Graphics 4600' (P:0 D:0)
[2017.10.05-16.02.00:956][  0]LogWindows:    2. 'Intel(R) HD Graphics 4600' (P:0 D:0)
[2017.10.05-16.02.00:956][  0]LogWindows: DebugString: FoundDriverCount:3 
[2017.10.05-16.02.00:956][  0]LogD3D11RHI:     Adapter Name: Intel(R) HD Graphics 4600
[2017.10.05-16.02.00:956][  0]LogD3D11RHI:   Driver Version: 10.18.14.4432 (internal:10.18.14.4432, unified:10.18.14.4432)
[2017.10.05-16.02.00:956][  0]LogD3D11RHI:      Driver Date: 4-8-2016
[2017.10.05-16.02.00:956][  0]LogRHI: Texture pool is 716 MB (70% of 1024 MB)
[2017.10.05-16.02.00:962][  0]LogD3D11RHI: Async texture creation enabled
[2017.10.05-16.02.00:966][  0]LogD3D11RHI: GPU Timing Frequency: 12.500000 (Debug: 2 0)
[2017.10.05-16.02.00:966][  0]LogShaderCompilers: Guid format shader working directory is -35 characters bigger than the processId version (../../../../../../Users/logonrm/Desktop/U4-Games/Unreal Projects/ThirdPerson_Basic/Intermediate/Shaders/WorkingDirectory/12120/).
[2017.10.05-16.02.00:966][  0]LogShaderCompilers: Cleaned the shader compiler working directory 'C:/Users/logonrm/AppData/Local/Temp/UnrealShaderWorkingDir/9CAA7B494E52076986FC3E96372BF96B/'.
[2017.10.05-16.02.00:966][  0]LogShaderCompilers:Display: Using Local Shader Compiler.
[2017.10.05-16.02.02:114][  0]LogTemp:Display: Loaded TP AllDesktopTargetPlatform
[2017.10.05-16.02.02:200][  0]LogTemp:Display: Loaded TP MacClientTargetPlatform
[2017.10.05-16.02.02:288][  0]LogTemp:Display: Loaded TP MacNoEditorTargetPlatform
[2017.10.05-16.02.02:373][  0]LogTemp:Display: Loaded TP MacServerTargetPlatform
[2017.10.05-16.02.02:460][  0]LogTemp:Display: Loaded TP MacTargetPlatform
[2017.10.05-16.02.02:549][  0]LogTemp:Display: Loaded TP WindowsClientTargetPlatform
[2017.10.05-16.02.02:640][  0]LogTemp:Display: Loaded TP WindowsNoEditorTargetPlatform
[2017.10.05-16.02.02:731][  0]LogTemp:Display: Loaded TP WindowsServerTargetPlatform
[2017.10.05-16.02.02:806][  0]LogTemp:Display: Loaded TP WindowsTargetPlatform
[2017.10.05-16.02.02:891][  0]LogTemp:Display: Loaded TP AndroidTargetPlatform
[2017.10.05-16.02.02:975][  0]LogTemp:Display: Loaded TP Android_ASTCTargetPlatform
[2017.10.05-16.02.03:063][  0]LogTemp:Display: Loaded TP Android_ATCTargetPlatform
[2017.10.05-16.02.03:146][  0]LogTemp:Display: Loaded TP Android_DXTTargetPlatform
[2017.10.05-16.02.03:233][  0]LogTemp:Display: Loaded TP Android_ETC1TargetPlatform
[2017.10.05-16.02.03:317][  0]LogTemp:Display: Loaded TP Android_ETC2TargetPlatform
[2017.10.05-16.02.03:482][  0]LogTemp:Display: Loaded TP Android_MultiTargetPlatform
[2017.10.05-16.02.03:482][  0]LogTemp:Display: Loaded TP Android_PVRTCTargetPlatform
[2017.10.05-16.02.03:547][  0]LogTemp:Display: Loaded TP HTML5TargetPlatform
[2017.10.05-16.02.03:679][  0]LogTemp:Display: Loaded TP IOSTargetPlatform
[2017.10.05-16.02.03:733][  0]LogTemp:Display: Loaded TP TVOSTargetPlatform
[2017.10.05-16.02.03:815][  0]LogTemp:Display: Loaded TP LinuxClientTargetPlatform
[2017.10.05-16.02.03:896][  0]LogTemp:Display: Loaded TP LinuxNoEditorTargetPlatform
[2017.10.05-16.02.03:979][  0]LogTemp:Display: Loaded TP LinuxServerTargetPlatform
[2017.10.05-16.02.04:062][  0]LogTemp:Display: Loaded TP LinuxTargetPlatform
[2017.10.05-16.02.04:062][  0]LogTargetPlatformManager:Display: Building Assets For Windows
[2017.10.05-16.02.04:837][  0]LogDerivedDataCache:Display: Max Cache Size: 512 MB
[2017.10.05-16.02.04:896][  0]LogDerivedDataCache: Loaded boot cache 0.06s 64MB C:/Users/logonrm/AppData/Local/UnrealEngine/4.14/DerivedDataCache/Boot.ddc.
[2017.10.05-16.02.04:896][  0]LogDerivedDataCache:Display: Loaded Boot cache: C:/Users/logonrm/AppData/Local/UnrealEngine/4.14/DerivedDataCache/Boot.ddc
[2017.10.05-16.02.04:896][  0]LogDerivedDataCache: FDerivedDataBackendGraph:  Pak pak cache file ../../../../../../Users/logonrm/Desktop/U4-Games/Unreal Projects/ThirdPerson_Basic/DerivedDataCache/DDC.ddp not found, will not use a pak cache.
[2017.10.05-16.02.04:896][  0]LogDerivedDataCache: Unable to find inner node Pak for hierarchical cache Hierarchy.
[2017.10.05-16.02.04:896][  0]LogDerivedDataCache: FDerivedDataBackendGraph:  CompressedPak pak cache file ../../../../../../Users/logonrm/Desktop/U4-Games/Unreal Projects/ThirdPerson_Basic/DerivedDataCache/Compressed.ddp not found, will not use a pak cache.
[2017.10.05-16.02.04:896][  0]LogDerivedDataCache: Unable to find inner node CompressedPak for hierarchical cache Hierarchy.
[2017.10.05-16.02.04:912][  0]LogDerivedDataCache:Display: Pak cache opened for reading ../../../Engine/DerivedDataCache/Compressed.ddp.
[2017.10.05-16.02.04:924][  0]LogDerivedDataCache: Using Local data cache path C:/Users/logonrm/AppData/Local/UnrealEngine/Common/DerivedDataCache: Writable
[2017.10.05-16.02.05:132][  0]LogInit: Selected Device Profile: [Windows]
[2017.10.05-16.02.05:135][  0]LogContentStreaming: Texture pool size is 0.00 MB
[2017.10.05-16.02.05:417][  0]LogMeshUtilities: Using QuadricMeshReduction for automatic static mesh reduction
[2017.10.05-16.02.05:494][  0]LogSimplygon: Simplygon DLL not present - disabling.
[2017.10.05-16.02.05:571][  0]LogMeshUtilities: Using SimplygonSwarm for distributed automatic mesh merging
[2017.10.05-16.02.05:571][  0]LogMeshUtilities: No automatic skeletal mesh reduction module available
[2017.10.05-16.02.05:571][  0]LogMeshUtilities: No automatic mesh merging module available
[2017.10.05-16.02.06:270][  0]LogNetVersion: GetLocalNetworkVersion: CL: 3195953, ProjectName: thirdperson_basic, ProjectVersion: , EngineNetworkVersion: 2, GameNetworkVersion: 0, NetworkChecksum: 236537088
[2017.10.05-16.02.06:427][  0]LogAssetRegistry: FAssetRegistry took 0.0231 seconds to start up
[2017.10.05-16.02.06:521][  0]LogPackageLocalizationCache: Processed 3 localized package path(s) for 2 prioritized culture(s) in 0.020584 seconds
[2017.10.05-16.02.06:526][  0]LogUObjectArray: 31946 objects as part of root set at end of initial load.
[2017.10.05-16.02.06:526][  0]LogUObjectAllocator: 6935840 out of 0 bytes used by permanent object pool.
[2017.10.05-16.02.06:526][  0]LogUObjectArray: CloseDisregardForGC: 0/0 objects in disregard for GC pool
[2017.10.05-16.02.06:646][  0]LogInit: WinSock: version 1.1 (2.2), MaxSocks=32767, MaxUdp=65467
[2017.10.05-16.02.07:926][  0]LogSlate: Using Freetype 2.6.0
[2017.10.05-16.02.07:927][  0]LogSlate: SlateFontCache - WITH_FREETYPE: 1, WITH_HARFBUZZ: 1
[2017.10.05-16.02.07:927][  0]LogSlate: SlateFontCache - WITH_FREETYPE: 1, WITH_HARFBUZZ: 1
[2017.10.05-16.02.08:828][  0]LogTcpMessaging: Initializing TcpMessaging bridge
[2017.10.05-16.02.08:948][  0]LogUdpMessaging: Initializing bridge on interface 0.0.0.0:0 to multicast group 230.0.0.1:6666.
[2017.10.05-16.02.09:501][  0]LogMaterial: Uniform references updated for custom material expression Custom.
[2017.10.05-16.02.10:074][  0]SourceControl: Informações Controle de origem desativado
[2017.10.05-16.02.10:122][  0]SourceControl: Informações Controle de origem desativado
[2017.10.05-16.02.10:197][  0]SourceControl: Informações Controle de origem desativado
[2017.10.05-16.02.10:278][  0]SourceControl: Informações Controle de origem desativado
[2017.10.05-16.02.12:326][  0]LogEngine: Initializing Engine...
[2017.10.05-16.02.12:326][  0]LogHMD: Failed to initialize OpenVR with code 110
[2017.10.05-16.02.12:638][  0]LogAIModule: Creating AISystem for world Untitled
[2017.10.05-16.02.12:642][  0]LogInit: No audio devices found!
[2017.10.05-16.02.12:666][  0]LogDerivedDataCache: Saved boot cache 0.02s 50MB C:/Users/logonrm/AppData/Local/UnrealEngine/4.14/DerivedDataCache/Boot.ddc.
[2017.10.05-16.02.12:670][  0]LogInit: Texture streaming: Enabled
[2017.10.05-16.02.12:983][  0]LogInit: Transaction tracking system initialized
[2017.10.05-16.02.13:639][  0]BlueprintLog: New page: Carregar Editor
[2017.10.05-16.02.15:297][  0]LocalizationService: Informações Localization service is disabled
[2017.10.05-16.02.16:436][  0]LogConsoleResponse:Display: 
[2017.10.05-16.02.16:593][  0]LogCook:Display: Max memory allowance for cook 16384mb min free memory 0mb
[2017.10.05-16.02.16:593][  0]LogCook:Display: Mobile HDR setting 1
[2017.10.05-16.02.17:737][  0]LogFileCache: Scanning file cache for directory 'C:/Users/logonrm/Desktop/U4-Games/Unreal Projects/ThirdPerson_Basic/Content/' took 0.01s
[2017.10.05-16.02.18:221][  0]SourceControl: Informações Controle de origem desativado
[2017.10.05-16.02.18:221][  0]Cmd: MAP LOAD FILE="../../../Engine/Content/Maps/Templates/Template_Default.umap" TEMPLATE=1 SHOWPROGRESS=1 FEATURELEVEL=3
[2017.10.05-16.02.18:221][  0]LightingResults: New page: Compilação de Iluminação
[2017.10.05-16.02.18:290][  0]MapCheck: New page: Verificação de Mapa
[2017.10.05-16.02.18:290][  0]LightingResults: New page: Compilação de Iluminação
[2017.10.05-16.02.18:483][  0]LogAIModule: Creating AISystem for world Untitled_1
[2017.10.05-16.02.18:484][  0]LogActorComponent: RegisterComponentWithWorld: (/Temp/Untitled_1.Untitled_1:PersistentLevel.WorldSettings_1.StaticMeshComponent0) Trying to register component with IsPendingKill() == true. Aborting.
[2017.10.05-16.02.18:488][  0]LogEditorServer: Finished looking for orphan Actors (0.000 secs)
[2017.10.05-16.02.18:493][  0]Cmd: MAP CHECKDEP NOCLEARLOG
[2017.10.05-16.02.18:556][  0]MapCheck: Informações Map check complete: 0 Error(s), 0 Warning(s), took 62,598ms to complete.
[2017.10.05-16.02.18:556][  0]LogFileHelpers: Loading map 'Template_Default' took 0.335
[2017.10.05-16.02.18:783][  0]LogCollectionManager: Loaded 0 collections in 0.001568 seconds
[2017.10.05-16.02.18:893][  0]LogFileCache: Scanning file cache for directory 'C:/Users/logonrm/Desktop/U4-Games/Unreal Projects/ThirdPerson_Basic/Saved/Collections/' took 0.01s
[2017.10.05-16.02.18:893][  0]LogFileCache: Scanning file cache for directory 'C:/Users/logonrm/Desktop/U4-Games/Unreal Projects/ThirdPerson_Basic/Content/Developers/logonrm/Collections/' took 0.01s
[2017.10.05-16.02.18:893][  0]LogFileCache: Scanning file cache for directory 'C:/Users/logonrm/Desktop/U4-Games/Unreal Projects/ThirdPerson_Basic/Content/Collections/' took 0.01s
[2017.10.05-16.02.18:893][  0]LogCollectionManager: Rebuilt the GUID cache for 0 collections in 0.000002 seconds
[2017.10.05-16.02.18:901][  0]LogContentBrowser: Native class hierarchy populated in 0.0079 seconds. Added 2190 classes and 428 folders.
[2017.10.05-16.02.18:977][  0]LogStats: UGameplayTagsManager::ConstructGameplayTagTree: Construct from data asset -  0.000 s
[2017.10.05-16.02.18:977][  0]LogStats: UGameplayTagsManager::ConstructGameplayTagTree: GameplayTagTreeChangedEvent.Broadcast -  0.000 s
[2017.10.05-16.02.18:978][  0]LogContentBrowser: Native class hierarchy updated for 'GameplayTags' in 0.0006 seconds. Added 13 classes and 0 folders.
[2017.10.05-16.02.19:101][  0]LogContentBrowser: Native class hierarchy updated for 'WidgetCarousel' in 0.0005 seconds. Added 0 classes and 0 folders.
[2017.10.05-16.02.19:151][  0]LogContentBrowser: Native class hierarchy updated for 'AddContentDialog' in 0.0005 seconds. Added 0 classes and 0 folders.
[2017.10.05-16.02.19:223][  0]LogContentBrowser: Native class hierarchy updated for 'SceneOutliner' in 0.0005 seconds. Added 1 classes and 2 folders.
[2017.10.05-16.02.19:280][  0]LogCrashTracker: Crashtracker disabled due to settings.
[2017.10.05-16.02.19:401][  0]LogContentBrowser: Native class hierarchy updated for 'HierarchicalLODOutliner' in 0.0005 seconds. Added 1 classes and 2 folders.
[2017.10.05-16.02.19:401][  0]LogLoad: (Engine Initialization) Total time: 20.97 seconds
[2017.10.05-16.02.19:401][  0]LogLoad: (Engine Initialization) Total Blueprint compile time: 0.11 seconds
[2017.10.05-16.02.19:401][  0]LogExternalProfiler: Found external profiler: VSPerf
[2017.10.05-16.02.19:401][  0]LogExternalProfiler: Using external profiler: VSPerf
[2017.10.05-16.02.19:742][  0]LogOcInput: OculusInput pre-init called
[2017.10.05-16.02.19:765][  0]LogContentStreaming: Texture pool size now 1000 MB
[2017.10.05-16.02.19:919][  0]LogRenderer: Reallocating scene render targets to support 804x540 NumSamples 1 (Frame:2).
[2017.10.05-16.02.20:674][  2]LogAssetRegistry: Asset discovery search completed in 14.2703 seconds
[2017.10.05-16.02.20:674][  2]LogCollectionManager: Rebuilt the object cache for 0 collections in 0.000001 seconds (found 0 objects)
[2017.10.05-16.02.20:674][  2]LogCollectionManager: Fixed up redirectors for 0 collections in 0.000014 seconds (updated 0 objects)
[2017.10.05-16.05.05:424][176]LogContentBrowser: Native class hierarchy updated for 'BlueprintGraph' in 0.0009 seconds. Added 111 classes and 0 folders.
[2017.10.05-16.05.06:375][176]LogSkeletalMesh: InitArticulated: Bodies already created (/Engine/Transient.DebugSkelMeshComponent_0) - call TermArticulated first.
[2017.10.05-16.05.41:209][760]LogSkeletalMesh: InitArticulated: Bodies already created (/Engine/Transient.DebugSkelMeshComponent_2) - call TermArticulated first.
[2017.10.05-16.05.41:631][761]LogRenderer: Reallocating scene render targets to support 804x832 NumSamples 1 (Frame:1327).
[2017.10.05-16.09.26:885][120]BlueprintLog: New page: Compile CharacterAnimBP
[2017.10.05-16.10.19:835][  3]LogContentBrowser:Verbose: The majority of assets in the view are of type: AnimSequence
[2017.10.05-16.17.42:693][126]LogSavePackage: Save=139.39ms
[2017.10.05-16.17.42:693][126]LogSavePackage: Moving '../../../../../../Users/logonrm/Desktop/U4-Games/Unreal Projects/ThirdPerson_Basic/Saved/CharacterAnimBP8BAC7C0E4AD7A8E7EAD6A49D73A2AB27.tmp' to '../../../../../../Users/logonrm/Desktop/U4-Games/Unreal Projects/ThirdPerson_Basic/Content/Character/CharacterAnimBP.uasset'
[2017.10.05-16.17.42:705][126]LogSavePackage:Display: Finished SavePackage ../../../../../../Users/logonrm/Desktop/U4-Games/Unreal Projects/ThirdPerson_Basic/Content/Character/CharacterAnimBP.uasset
[2017.10.05-16.17.44:077][174]LogSavePackage: Save=13.96ms
[2017.10.05-16.17.44:077][174]LogSavePackage: Moving '../../../../../../Users/logonrm/Desktop/U4-Games/Unreal Projects/ThirdPerson_Basic/Saved/CharacterAnimBPEDFF569849AC272805AF6882265E428E.tmp' to '../../../../../../Users/logonrm/Desktop/U4-Games/Unreal Projects/ThirdPerson_Basic/Content/Character/CharacterAnimBP.uasset'
[2017.10.05-16.17.44:079][174]LogSavePackage:Display: Finished SavePackage ../../../../../../Users/logonrm/Desktop/U4-Games/Unreal Projects/ThirdPerson_Basic/Content/Character/CharacterAnimBP.uasset
[2017.10.05-16.17.45:276][215]LogSavePackage: Save=14.36ms
[2017.10.05-16.17.45:276][215]LogSavePackage: Moving '../../../../../../Users/logonrm/Desktop/U4-Games/Unreal Projects/ThirdPerson_Basic/Saved/CharacterAnimBPC0B6F3BF49FC319DBC6134BD28C84F55.tmp' to '../../../../../../Users/logonrm/Desktop/U4-Games/Unreal Projects/ThirdPerson_Basic/Content/Character/CharacterAnimBP.uasset'
[2017.10.05-16.17.45:278][215]LogSavePackage:Display: Finished SavePackage ../../../../../../Users/logonrm/Desktop/U4-Games/Unreal Projects/ThirdPerson_Basic/Content/Character/CharacterAnimBP.uasset
[2017.10.05-16.17.46:468][256]LogSavePackage: Save=15.07ms
[2017.10.05-16.17.46:468][256]LogSavePackage: Moving '../../../../../../Users/logonrm/Desktop/U4-Games/Unreal Projects/ThirdPerson_Basic/Saved/CharacterAnimBP9A63E19D4A84F4A98E3573A0EEF0B2EE.tmp' to '../../../../../../Users/logonrm/Desktop/U4-Games/Unreal Projects/ThirdPerson_Basic/Content/Character/CharacterAnimBP.uasset'
[2017.10.05-16.17.46:470][256]LogSavePackage:Display: Finished SavePackage ../../../../../../Users/logonrm/Desktop/U4-Games/Unreal Projects/ThirdPerson_Basic/Content/Character/CharacterAnimBP.uasset
[2017.10.05-16.17.49:228][356]BlueprintLog: New page: Compile CharacterAnimBP
[2017.10.05-16.17.49:249][356]LogBlueprint:Warning: [Compiler CharacterAnimBP] Warning  AnimStateTransitionNode_3  will never be taken, please connect something to  bCanEnterTransition
[2017.10.05-16.17.49:250][356]LogBlueprint:Warning: [Compiler CharacterAnimBP] Warning  AnimStateTransitionNode_5  will never be taken, please connect something to  bCanEnterTransition
[2017.10.05-16.17.49:250][356]LogBlueprint:Warning: [Compiler CharacterAnimBP] Warning  AnimStateTransitionNode_6  will never be taken, please connect something to  bCanEnterTransition
[2017.10.05-16.17.49:368][356]BlueprintEditorCompileResults: Info  Result  was visible but ignored
[2017.10.05-16.17.49:368][356]BlueprintEditorCompileResults: Info  Result  was visible but ignored
[2017.10.05-16.17.49:368][356]BlueprintEditorCompileResults:Warning: Warning  AnimStateTransitionNode_3  will never be taken, please connect something to  bCanEnterTransition
[2017.10.05-16.17.49:368][356]BlueprintEditorCompileResults: Info  Result  was visible but ignored
[2017.10.05-16.17.49:368][356]BlueprintEditorCompileResults:Warning: Warning  AnimStateTransitionNode_5  will never be taken, please connect something to  bCanEnterTransition
[2017.10.05-16.17.49:368][356]BlueprintEditorCompileResults:Warning: Warning  AnimStateTransitionNode_6  will never be taken, please connect something to  bCanEnterTransition
[2017.10.05-16.17.49:371][356]LogBlueprint:Warning: [Compiler CharacterAnimBP] Warning [0950.98] Compile of CharacterAnimBP successful, but with 3 Warning(s) [in 140 ms] (/Game/Character/CharacterAnimBP.CharacterAnimBP)
[2017.10.05-16.18.37:026][ 52]LogAnimationCompression: Building Anim DDC data for AnimSequence /Game/Character/Animations/MontageExample_End_1.MontageExample_End_1
[2017.10.05-16.18.37:033][ 52]LogAnimationCompression: Building Anim DDC data for AnimSequence /Game/Character/Animations/MontageExample_End_2.MontageExample_End_2
[2017.10.05-16.18.37:081][ 54]LogAnimationCompression: Building Anim DDC data for AnimSequence /Game/Character/Animations/MontageExample_Punch_1.MontageExample_Punch_1
[2017.10.05-16.18.37:113][ 55]LogAnimationCompression: Building Anim DDC data for AnimSequence /Game/Character/Animations/MontageExample_Punch_2.MontageExample_Punch_2
[2017.10.05-16.18.37:160][ 56]LogAnimationCompression: Building Anim DDC data for AnimSequence /Game/Character/Animations/MontageExample_Start.MontageExample_Start
[2017.10.05-16.18.38:502][ 86]LogAnimationCompression: Building Anim DDC data for AnimSequence /Game/Character/Animations/ThirdPersonJump_Loop.ThirdPersonJump_Loop
[2017.10.05-16.18.38:515][ 86]LogAnimationCompression: Building Anim DDC data for AnimSequence /Game/Character/Animations/ThirdPersonJump_Start.ThirdPersonJump_Start
[2017.10.05-16.23.53:213][155]LogFileHelpers: Editor autosave (incl. sublevels) for '/Temp/Untitled_1' took 0.013
[2017.10.05-16.23.53:218][155]OBJ SavePackage: Generating thumbnails for [1] asset(s) in package [/Game/Character/CharacterAnimBP] ([1] browsable assets)...
[2017.10.05-16.23.53:272][155]OBJ SavePackage:     Rendered thumbnail for [AnimBlueprint /Game/Character/CharacterAnimBP.CharacterAnimBP]
[2017.10.05-16.23.53:272][155]OBJ SavePackage: Finished generating thumbnails for package [/Game/Character/CharacterAnimBP]
[2017.10.05-16.23.53:318][155]LogSavePackage: Save=37.99ms
[2017.10.05-16.23.53:318][155]LogSavePackage: Moving '../../../../../../Users/logonrm/Desktop/U4-Games/Unreal Projects/ThirdPerson_Basic/Saved/CharacterAnimBP_Auto1D00A2192444D2BF1B0F5D88E6B014B07.tmp' to '../../../../../../Users/logonrm/Desktop/U4-Games/Unreal Projects/ThirdPerson_Basic/Saved/Autosaves/Game/Character/CharacterAnimBP_Auto1.uasset'
[2017.10.05-16.23.53:320][155]LogSavePackage:Display: Finished SavePackage ../../../../../../Users/logonrm/Desktop/U4-Games/Unreal Projects/ThirdPerson_Basic/Saved/Autosaves/Game/Character/CharacterAnimBP_Auto1.uasset
[2017.10.05-16.23.53:320][155]LogFileHelpers: Auto-saving content packages took 0.107
[2017.10.05-16.24.52:589][192]LogSavePackage: Save=31.00ms
[2017.10.05-16.24.52:589][192]LogSavePackage: Moving '../../../../../../Users/logonrm/Desktop/U4-Games/Unreal Projects/ThirdPerson_Basic/Saved/CharacterAnimBPB5783EFB40B731A378F286B957B1EB2A.tmp' to '../../../../../../Users/logonrm/Desktop/U4-Games/Unreal Projects/ThirdPerson_Basic/Content/Character/CharacterAnimBP.uasset'
[2017.10.05-16.24.52:592][192]LogSavePackage:Display: Finished SavePackage ../../../../../../Users/logonrm/Desktop/U4-Games/Unreal Projects/ThirdPerson_Basic/Content/Character/CharacterAnimBP.uasset
[2017.10.05-16.24.53:769][235]BlueprintLog: New page: Compile CharacterAnimBP
[2017.10.05-16.24.53:794][235]LogBlueprint:Warning: [Compiler CharacterAnimBP] Warning  AnimStateTransitionNode_5  will never be taken, please connect something to  bCanEnterTransition
[2017.10.05-16.24.53:794][235]LogBlueprint:Warning: [Compiler CharacterAnimBP] Warning  AnimStateTransitionNode_6  will never be taken, please connect something to  bCanEnterTransition
[2017.10.05-16.24.53:880][235]BlueprintEditorCompileResults: Info  Result  was visible but ignored
[2017.10.05-16.24.53:880][235]BlueprintEditorCompileResults: Info  Result  was visible but ignored
[2017.10.05-16.24.53:880][235]BlueprintEditorCompileResults:Warning: Warning  AnimStateTransitionNode_5  will never be taken, please connect something to  bCanEnterTransition
[2017.10.05-16.24.53:880][235]BlueprintEditorCompileResults:Warning: Warning  AnimStateTransitionNode_6  will never be taken, please connect something to  bCanEnterTransition
[2017.10.05-16.24.53:881][235]LogBlueprint:Warning: [Compiler CharacterAnimBP] Warning [1375.51] Compile of CharacterAnimBP successful, but with 2 Warning(s) [in 111 ms] (/Game/Character/CharacterAnimBP.CharacterAnimBP)
[2017.10.05-16.25.01:504][494]LogAnimationCompression: Building Anim DDC data for AnimSequence /Game/Character/Animations/ThirdPersonJump_End.ThirdPersonJump_End
[2017.10.05-16.25.09:561][744]LogSavePackage: Save=30.57ms
[2017.10.05-16.25.09:561][744]LogSavePackage: Moving '../../../../../../Users/logonrm/Desktop/U4-Games/Unreal Projects/ThirdPerson_Basic/Saved/CharacterAnimBP980F8DEE415FE9E31F4812B74116476A.tmp' to '../../../../../../Users/logonrm/Desktop/U4-Games/Unreal Projects/ThirdPerson_Basic/Content/Character/CharacterAnimBP.uasset'
[2017.10.05-16.25.09:564][744]LogSavePackage:Display: Finished SavePackage ../../../../../../Users/logonrm/Desktop/U4-Games/Unreal Projects/ThirdPerson_Basic/Content/Character/CharacterAnimBP.uasset
[2017.10.05-16.27.13:906][ 95]BlueprintLog: New page: Compile CharacterAnimBP
[2017.10.05-16.27.13:955][ 95]LogBlueprint:Warning: [Compiler CharacterAnimBP] Warning  AnimStateTransitionNode_6  will never be taken, please connect something to  bCanEnterTransition
[2017.10.05-16.27.14:035][ 95]BlueprintEditorCompileResults: Info  Result  was visible but ignored
[2017.10.05-16.27.14:035][ 95]BlueprintEditorCompileResults:Warning: Warning  AnimStateTransitionNode_6  will never be taken, please connect something to  bCanEnterTransition
[2017.10.05-16.27.14:036][ 95]LogBlueprint:Warning: [Compiler CharacterAnimBP] Warning [1515.67] Compile of CharacterAnimBP successful, but with 1 Warning(s) [in 129 ms] (/Game/Character/CharacterAnimBP.CharacterAnimBP)
[2017.10.05-16.27.15:374][137]LogSavePackage: Save=25.57ms
[2017.10.05-16.27.15:374][137]LogSavePackage: Moving '../../../../../../Users/logonrm/Desktop/U4-Games/Unreal Projects/ThirdPerson_Basic/Saved/CharacterAnimBP4FD5C07A4BEEEBD531F2FF90F342B3FD.tmp' to '../../../../../../Users/logonrm/Desktop/U4-Games/Unreal Projects/ThirdPerson_Basic/Content/Character/CharacterAnimBP.uasset'
[2017.10.05-16.27.15:378][137]LogSavePackage:Display: Finished SavePackage ../../../../../../Users/logonrm/Desktop/U4-Games/Unreal Projects/ThirdPerson_Basic/Content/Character/CharacterAnimBP.uasset
[2017.10.05-16.27.56:653][574]BlueprintLog: New page: Compile CharacterAnimBP
[2017.10.05-16.27.56:681][574]LogBlueprint:Warning: [Compiler CharacterAnimBP] Warning  AnimStateTransitionNode_6  will never be taken, please connect something to  bCanEnterTransition
[2017.10.05-16.27.56:770][574]BlueprintEditorCompileResults:Warning: Warning  AnimStateTransitionNode_6  will never be taken, please connect something to  bCanEnterTransition
[2017.10.05-16.27.56:770][574]LogBlueprint:Warning: [Compiler CharacterAnimBP] Warning [1558.41] Compile of CharacterAnimBP successful, but with 1 Warning(s) [in 116 ms] (/Game/Character/CharacterAnimBP.CharacterAnimBP)
[2017.10.05-16.27.58:358][624]LogSavePackage: Save=33.71ms
[2017.10.05-16.27.58:358][624]LogSavePackage: Moving '../../../../../../Users/logonrm/Desktop/U4-Games/Unreal Projects/ThirdPerson_Basic/Saved/CharacterAnimBP1B89DB074BE785EA72073BBA85681B97.tmp' to '../../../../../../Users/logonrm/Desktop/U4-Games/Unreal Projects/ThirdPerson_Basic/Content/Character/CharacterAnimBP.uasset'
[2017.10.05-16.27.58:361][624]LogSavePackage:Display: Finished SavePackage ../../../../../../Users/logonrm/Desktop/U4-Games/Unreal Projects/ThirdPerson_Basic/Content/Character/CharacterAnimBP.uasset
[2017.10.05-16.28.08:856][997]LogSavePackage: Save=31.20ms
[2017.10.05-16.28.08:856][997]LogSavePackage: Moving '../../../../../../Users/logonrm/Desktop/U4-Games/Unreal Projects/ThirdPerson_Basic/Saved/CharacterAnimBP741C8BCA41FABC1EF47C6E84D1D5A66A.tmp' to '../../../../../../Users/logonrm/Desktop/U4-Games/Unreal Projects/ThirdPerson_Basic/Content/Character/CharacterAnimBP.uasset'
[2017.10.05-16.28.08:860][997]LogSavePackage:Display: Finished SavePackage ../../../../../../Users/logonrm/Desktop/U4-Games/Unreal Projects/ThirdPerson_Basic/Content/Character/CharacterAnimBP.uasset
[2017.10.05-16.28.53:293][546]LogSavePackage: Save=29.16ms
[2017.10.05-16.28.53:293][546]LogSavePackage: Moving '../../../../../../Users/logonrm/Desktop/U4-Games/Unreal Projects/ThirdPerson_Basic/Saved/CharacterAnimBP06628AAF41220310426693AC72DF8015.tmp' to '../../../../../../Users/logonrm/Desktop/U4-Games/Unreal Projects/ThirdPerson_Basic/Content/Character/CharacterAnimBP.uasset'
[2017.10.05-16.28.53:297][546]LogSavePackage:Display: Finished SavePackage ../../../../../../Users/logonrm/Desktop/U4-Games/Unreal Projects/ThirdPerson_Basic/Content/Character/CharacterAnimBP.uasset
[2017.10.05-16.28.54:584][593]BlueprintLog: New page: Compile CharacterAnimBP
[2017.10.05-16.28.55:789][625]LogSavePackage: Save=30.88ms
[2017.10.05-16.28.55:789][625]LogSavePackage: Moving '../../../../../../Users/logonrm/Desktop/U4-Games/Unreal Projects/ThirdPerson_Basic/Saved/CharacterAnimBP92C7AB38430170A7548DD6B3BC198BEC.tmp' to '../../../../../../Users/logonrm/Desktop/U4-Games/Unreal Projects/ThirdPerson_Basic/Content/Character/CharacterAnimBP.uasset'
[2017.10.05-16.28.55:791][625]LogSavePackage:Display: Finished SavePackage ../../../../../../Users/logonrm/Desktop/U4-Games/Unreal Projects/ThirdPerson_Basic/Content/Character/CharacterAnimBP.uasset
[2017.10.05-16.29.46:739][436]LogSavePackage: Save=26.97ms
[2017.10.05-16.29.46:739][436]LogSavePackage: Moving '../../../../../../Users/logonrm/Desktop/U4-Games/Unreal Projects/ThirdPerson_Basic/Saved/CharacterAnimBP87B533A64E6EA86D4C4AE1B98340053C.tmp' to '../../../../../../Users/logonrm/Desktop/U4-Games/Unreal Projects/ThirdPerson_Basic/Content/Character/CharacterAnimBP.uasset'
[2017.10.05-16.29.46:741][436]LogSavePackage:Display: Finished SavePackage ../../../../../../Users/logonrm/Desktop/U4-Games/Unreal Projects/ThirdPerson_Basic/Content/Character/CharacterAnimBP.uasset
[2017.10.05-16.29.57:607][821]BlueprintLog: New page: Compile CharacterAnimBP
[2017.10.05-16.30.23:396][725]LogSavePackage: Save=28.43ms
[2017.10.05-16.30.23:396][725]LogSavePackage: Moving '../../../../../../Users/logonrm/Desktop/U4-Games/Unreal Projects/ThirdPerson_Basic/Saved/CharacterAnimBP65F185F04086AF9FF8A820AEBAADBAE5.tmp' to '../../../../../../Users/logonrm/Desktop/U4-Games/Unreal Projects/ThirdPerson_Basic/Content/Character/CharacterAnimBP.uasset'
[2017.10.05-16.30.23:400][725]LogSavePackage:Display: Finished SavePackage ../../../../../../Users/logonrm/Desktop/U4-Games/Unreal Projects/ThirdPerson_Basic/Content/Character/CharacterAnimBP.uasset
[2017.10.05-16.30.26:062][821]BlueprintLog: New page: Compile CharacterAnimBP
[2017.10.05-16.30.39:895][301]LogSavePackage: Save=35.65ms
[2017.10.05-16.30.39:895][301]LogSavePackage: Moving '../../../../../../Users/logonrm/Desktop/U4-Games/Unreal Projects/ThirdPerson_Basic/Saved/CharacterAnimBPA6AF6DC244A3034906883993B0B39E99.tmp' to '../../../../../../Users/logonrm/Desktop/U4-Games/Unreal Projects/ThirdPerson_Basic/Content/Character/CharacterAnimBP.uasset'
[2017.10.05-16.30.39:897][301]LogSavePackage:Display: Finished SavePackage ../../../../../../Users/logonrm/Desktop/U4-Games/Unreal Projects/ThirdPerson_Basic/Content/Character/CharacterAnimBP.uasset
[2017.10.05-16.30.45:896][513]LogSavePackage: Save=26.57ms
[2017.10.05-16.30.45:896][513]LogSavePackage: Moving '../../../../../../Users/logonrm/Desktop/U4-Games/Unreal Projects/ThirdPerson_Basic/Saved/CharacterAnimBPC4738AFC4F1891A8E72B61A14E0885E1.tmp' to '../../../../../../Users/logonrm/Desktop/U4-Games/Unreal Projects/ThirdPerson_Basic/Content/Character/CharacterAnimBP.uasset'
[2017.10.05-16.30.45:898][513]LogSavePackage:Display: Finished SavePackage ../../../../../../Users/logonrm/Desktop/U4-Games/Unreal Projects/ThirdPerson_Basic/Content/Character/CharacterAnimBP.uasset
[2017.10.05-16.32.36:713][692]LogSavePackage: Save=43.48ms
[2017.10.05-16.32.36:713][692]LogSavePackage: Moving '../../../../../../Users/logonrm/Desktop/U4-Games/Unreal Projects/ThirdPerson_Basic/Saved/CharacterAnimBPA8C47CB74F37A00C0D0EA4BAF8777929.tmp' to '../../../../../../Users/logonrm/Desktop/U4-Games/Unreal Projects/ThirdPerson_Basic/Content/Character/CharacterAnimBP.uasset'
[2017.10.05-16.32.36:716][692]LogSavePackage:Display: Finished SavePackage ../../../../../../Users/logonrm/Desktop/U4-Games/Unreal Projects/ThirdPerson_Basic/Content/Character/CharacterAnimBP.uasset
[2017.10.05-16.32.37:671][727]LogTemp: Repeting last play command: Selected Viewport
[2017.10.05-16.32.37:738][727]LogPlayLevel: PlayLevel: No blueprints needed recompiling
[2017.10.05-16.32.37:793][727]PIE: New page: PIE session: Untitled_1 (Oct 5, 2017, 10:32:37 AM)
[2017.10.05-16.32.37:803][727]LogPlayLevel: Creating play world package: /Temp/UEDPIE_0_Untitled_1
[2017.10.05-16.32.37:833][727]LogPlayLevel: PIE: StaticDuplicateObject took: (0.028747s)
[2017.10.05-16.32.37:835][727]LogAIModule: Creating AISystem for world Untitled_1
[2017.10.05-16.32.37:844][727]LogPlayLevel: PIE: World Init took: (0.010974s)
[2017.10.05-16.32.37:851][727]LogPlayLevel: PIE: Created PIE world by copying editor world from /Temp/Untitled_1.Untitled_1 to /Temp/UEDPIE_0_Untitled_1.Untitled_1 (0.048101s)
[2017.10.05-16.32.38:015][727]LogLoad: Game class is 'GameModeBase'
[2017.10.05-16.32.38:019][727]LogWorld: Bringing World /Temp/UEDPIE_0_Untitled_1.Untitled_1 up for play (max tick rate 0) at 2017.10.05-13.32.38
[2017.10.05-16.32.38:031][727]LogWorld: Bringing up level for play took: 0.006670
[2017.10.05-16.32.38:378][727]LogContentBrowser: Native class hierarchy updated for 'MovieSceneCapture' in 0.0027 seconds. Added 11 classes and 0 folders.
[2017.10.05-16.32.38:438][727]PIE: Info Play in editor start time for /Temp/UEDPIE_0_Untitled_1 -0.121
[2017.10.05-16.32.38:510][727]LogRenderer: Reallocating scene render targets to support 1292x832 NumSamples 1 (Frame:57721).
[2017.10.05-16.33.08:396][794]LogEditorViewport: Clicking on Actor (context menu): StaticMeshActor (Floor)
[2017.10.05-16.33.10:904][948]LogEditorViewport: Clicking on Actor (LMB): BP_Sky_Sphere_C (Sky Sphere)
[2017.10.05-16.33.12:641][ 29]LogEditorViewport: Clicking on Actor (context menu): StaticMeshActor (Floor)
[2017.10.05-16.33.18:873][239]LogEditorViewport: Clicking on Actor (context menu): StaticMeshActor (Floor)
[2017.10.05-16.33.22:535][496]LogEditorViewport: Clicking on Actor (LMB): BP_Sky_Sphere_C (Sky Sphere)
[2017.10.05-16.33.23:312][549]LogEditorViewport: Clicking on Actor (context menu): BP_Sky_Sphere_C (Sky Sphere)
[2017.10.05-16.33.23:372][549]LogEditorViewport: Clicking on Component (context menu): StaticMeshComponent (Sky Sphere mesh)
[2017.10.05-16.33.24:377][635]LogEditorViewport: Clicking on Component (LMB): StaticMeshComponent (Sky Sphere mesh)
[2017.10.05-16.35.46:235][105]BlueprintLog: New page: Compile CharacterAnimBP
[2017.10.05-16.35.48:419][168]LogSavePackage: Save=26.86ms
[2017.10.05-16.35.48:419][168]LogSavePackage: Moving '../../../../../../Users/logonrm/Desktop/U4-Games/Unreal Projects/ThirdPerson_Basic/Saved/CharacterAnimBPB83882274B3C7FBF2B79819CE151A6BB.tmp' to '../../../../../../Users/logonrm/Desktop/U4-Games/Unreal Projects/ThirdPerson_Basic/Content/Character/CharacterAnimBP.uasset'
[2017.10.05-16.35.48:422][168]LogSavePackage:Display: Finished SavePackage ../../../../../../Users/logonrm/Desktop/U4-Games/Unreal Projects/ThirdPerson_Basic/Content/Character/CharacterAnimBP.uasset
[2017.10.05-16.37.06:539][811]LogSavePackage: Save=52.06ms
[2017.10.05-16.37.06:539][811]LogSavePackage: Moving '../../../../../../Users/logonrm/Desktop/U4-Games/Unreal Projects/ThirdPerson_Basic/Saved/Untitled_1_Auto27C5D252C46260346CA771FB2DD34CE94.tmp' to '../../../../../../Users/logonrm/Desktop/U4-Games/Unreal Projects/ThirdPerson_Basic/Saved/Autosaves/Temp/Untitled_1_Auto2.umap'
[2017.10.05-16.37.06:541][811]LogSavePackage:Display: Finished SavePackage ../../../../../../Users/logonrm/Desktop/U4-Games/Unreal Projects/ThirdPerson_Basic/Saved/Autosaves/Temp/Untitled_1_Auto2.umap
[2017.10.05-16.37.06:574][811]LogFileHelpers: Editor autosave (incl. sublevels) for '/Temp/Untitled_1' took 0.121
[2017.10.05-16.37.06:574][811]LogFileHelpers: Editor autosave (incl. sublevels) for all levels took 0.121
[2017.10.05-16.37.06:578][811]OBJ SavePackage: Generating thumbnails for [1] asset(s) in package [/Game/Character/CharacterAnimBP] ([1] browsable assets)...
[2017.10.05-16.37.06:641][811]OBJ SavePackage:     Rendered thumbnail for [AnimBlueprint /Game/Character/CharacterAnimBP.CharacterAnimBP]
[2017.10.05-16.37.06:641][811]OBJ SavePackage: Finished generating thumbnails for package [/Game/Character/CharacterAnimBP]
[2017.10.05-16.37.06:684][811]LogSavePackage: Save=34.78ms
[2017.10.05-16.37.06:684][811]LogSavePackage: Moving '../../../../../../Users/logonrm/Desktop/U4-Games/Unreal Projects/ThirdPerson_Basic/Saved/CharacterAnimBP_Auto2667495AC44E17B3F6DDA93A53DB546BE.tmp' to '../../../../../../Users/logonrm/Desktop/U4-Games/Unreal Projects/ThirdPerson_Basic/Saved/Autosaves/Game/Character/CharacterAnimBP_Auto2.uasset'
[2017.10.05-16.37.06:686][811]LogSavePackage:Display: Finished SavePackage ../../../../../../Users/logonrm/Desktop/U4-Games/Unreal Projects/ThirdPerson_Basic/Saved/Autosaves/Game/Character/CharacterAnimBP_Auto2.uasset
[2017.10.05-16.37.06:686][811]LogFileHelpers: Auto-saving content packages took 0.111
[2017.10.05-16.37.38:435][871]BlueprintLog: New page: Compile CharacterAnimBP
[2017.10.05-16.37.39:352][887]LogSavePackage: Save=34.53ms
[2017.10.05-16.37.39:352][887]LogSavePackage: Moving '../../../../../../Users/logonrm/Desktop/U4-Games/Unreal Projects/ThirdPerson_Basic/Saved/CharacterAnimBPEB235F5B429197DE405598B1480BC063.tmp' to '../../../../../../Users/logonrm/Desktop/U4-Games/Unreal Projects/ThirdPerson_Basic/Content/Character/CharacterAnimBP.uasset'
[2017.10.05-16.37.39:356][887]LogSavePackage:Display: Finished SavePackage ../../../../../../Users/logonrm/Desktop/U4-Games/Unreal Projects/ThirdPerson_Basic/Content/Character/CharacterAnimBP.uasset
[2017.10.05-16.40.38:123][940]BlueprintLog: New page: Compile CharacterAnimBP
[2017.10.05-16.40.38:968][959]LogSavePackage: Save=26.26ms
[2017.10.05-16.40.38:968][959]LogSavePackage: Moving '../../../../../../Users/logonrm/Desktop/U4-Games/Unreal Projects/ThirdPerson_Basic/Saved/CharacterAnimBP42D7E1C14E31168C3A058393C6633738.tmp' to '../../../../../../Users/logonrm/Desktop/U4-Games/Unreal Projects/ThirdPerson_Basic/Content/Character/CharacterAnimBP.uasset'
[2017.10.05-16.40.38:972][959]LogSavePackage:Display: Finished SavePackage ../../../../../../Users/logonrm/Desktop/U4-Games/Unreal Projects/ThirdPerson_Basic/Content/Character/CharacterAnimBP.uasset
